File ./png/Splash.png has alpha channel
Tile Dims 800 x 600
File ./png/Cursors.png has alpha channel
Tile Dims 32 x 32
Loading sound font runtime.sf2.
Sound font runtime.sf2 loaded.
Opening stream at 44100Hz with 0 frames per buffer
Default sound stream opened.
First TimestepCallback call
Sound stream started.
File ./png/ButtonColors.png has alpha channel
Tile Dims 32 x 32
File ./png/Marker.png has alpha channel
Tile Dims 32 x 32
Tile Dims 256 x 256
File ./png/FontKingthings10.png has alpha channel
Tile Dims 15 x 17
File ./png/FontKingthings12.png has alpha channel
Tile Dims 18 x 20
File ./png/FontKingthings16.png has alpha channel
Tile Dims 24 x 27
File ./png/FontKingthings24.png has alpha channel
Tile Dims 36 x 40
File ./png/MiniBevel.png has alpha channel
Tile Dims 2 x 2
File ./png/InnerBevel.png has alpha channel
Tile Dims 5 x 5
File ./png/OuterBevel.png has alpha channel
Tile Dims 5 x 5
File ./png/ListViewIcons.png has alpha channel
Tile Dims 32 x 32
File ./png/Terrain.png has alpha channel
Tile Dims 32 x 32
File ./png/Fog.png has alpha channel
Tile Dims 32 x 32
Loading Icons
CGraphicMulticolorTileset::LoadTileset
File ./png/Icons.png has alpha channel
Tile Dims 46 x 38
Translating Colors
Loading Mini Icons
File ./png/MiniIcons.png has alpha channel
Tile Dims 16 x 16
Loading Coprse
File ./png/Corpse.png has alpha channel
Tile Dims 40 x 40
Loading FireSmall
File ./png/FireSmall.png has alpha channel
Tile Dims 32 x 32
Loading FireLarge
File ./png/FireLarge.png has alpha channel
Tile Dims 48 x 48
Loading BuildingDeath
File ./png/BuildingDeath.png has alpha channel
Tile Dims 64 x 64
Loading Arrow
File ./png/Arrow.png has alpha channel
Tile Dims 32 x 32
Loading AssetNone
CGraphicMulticolorTileset::LoadTileset
File ./png/AssetNone.png has alpha channel
Tile Dims 1 x 1
Translating Colors
Loading Peasant
CGraphicMulticolorTileset::LoadTileset
File ./png/Peasant.png has alpha channel
Tile Dims 64 x 64
Translating Colors
Loading Footman
CGraphicMulticolorTileset::LoadTileset
File ./png/Footman.png has alpha channel
Tile Dims 80 x 80
Translating Colors
Loading Archer
CGraphicMulticolorTileset::LoadTileset
File ./png/Archer.png has alpha channel
Tile Dims 64 x 64
Translating Colors
Loading Ranger
CGraphicMulticolorTileset::LoadTileset
File ./png/Ranger.png has alpha channel
Tile Dims 64 x 64
Translating Colors
Loading GoldMine
CGraphicMulticolorTileset::LoadTileset
File ./png/GoldMine.png has alpha channel
Tile Dims 96 x 96
Translating Colors
Loading TownHall
CGraphicMulticolorTileset::LoadTileset
File ./png/TownHall.png has alpha channel
Tile Dims 128 x 128
Translating Colors
Loading Keep
CGraphicMulticolorTileset::LoadTileset
File ./png/Keep.png has alpha channel
Tile Dims 128 x 128
Translating Colors
Loading Castle
CGraphicMulticolorTileset::LoadTileset
File ./png/Castle.png has alpha channel
Tile Dims 128 x 128
Translating Colors
Loading Farm
CGraphicMulticolorTileset::LoadTileset
File ./png/Farm.png has alpha channel
Tile Dims 64 x 64
Translating Colors
Loading Barracks
CGraphicMulticolorTileset::LoadTileset
File ./png/Barracks.png has alpha channel
Tile Dims 96 x 96
Translating Colors
Loading Blacksmith
CGraphicMulticolorTileset::LoadTileset
File ./png/Blacksmith.png has alpha channel
Tile Dims 96 x 96
Translating Colors
Loading LumberMill
CGraphicMulticolorTileset::LoadTileset
File ./png/LumberMill.png has alpha channel
Tile Dims 96 x 96
Translating Colors
Loading ScoutTower
CGraphicMulticolorTileset::LoadTileset
File ./png/ScoutTower.png has alpha channel
Tile Dims 64 x 64
Translating Colors
Loading GuardTower
CGraphicMulticolorTileset::LoadTileset
File ./png/GuardTower.png has alpha channel
Tile Dims 64 x 64
Translating Colors
Loading CannonTower
CGraphicMulticolorTileset::LoadTileset
File ./png/CannonTower.png has alpha channel
Tile Dims 64 x 64
Translating Colors
Assets Loaded
Loading res directory
Loaded resource "Footman.dat".
Loaded resource "Blacksmith.dat".
Loaded resource "Keep.dat".
Loaded resource "GuardTower.dat".
Loaded resource "GoldMine.dat".
Loaded resource "LumberMill.dat".
Loaded resource "Ranger.dat".
Loaded resource "Peasant.dat".
Loaded resource "TownHall.dat".
Loaded resource "CannonTower.dat".
Loaded resource "ScoutTower.dat".
Loaded resource "Barracks.dat".
Loaded resource "Castle.dat".
Loaded resource "Farm.dat".
Loaded resource "Archer.dat".
Loaded resource "Archer.dat".
Loading upg directory
Loaded upgrade "Armor2.dat".
Loaded upgrade "Weapon2.dat".
Loaded upgrade "Arrow2.dat".
Loaded upgrade "Armor3.dat".
Loaded upgrade "Scouting.dat".
Loaded upgrade "Marksmanship.dat".
Loaded upgrade "Ranger.dat".
Loaded upgrade "Arrow3.dat".
Loaded upgrade "Weapon3.dat".
Loaded upgrade "Longbow.dat".
Loaded upgrade "Longbow.dat".
Loading Maps
Map North-South is 96 x 64
Loaded map "2player.map".
Map North-South Divide is 96 x 64
Loaded map "2playerdivide.map".
Map North-South Divide is 96 x 64
Loaded map "2playerdivide.map".
Maps loaded
Init GoldMine 0 (1, 12)
Init GoldMine 0 (92, 49)
Init Peasant 1 (93, 59)
Init Peasant 2 (94, 59)
Checking Walk on 0
Checking Construct on 0
Checking Gold on 0
Checking Lumber on 0
Checking Attack on 0
Checking Death on 0
Checking None on 0
Checking Build on 0
Checking Place on 0
Done checking type 0
Checking Walk on 1
Checking Construct on 1
Checking Gold on 1
Checking Lumber on 1
Checking Attack on 1
Checking Death on 1
Checking None on 1
Checking Build on 1
Checking Place on 1
Done checking type 1
Checking Walk on 2
Checking Construct on 2
Checking Gold on 2
Checking Lumber on 2
Checking Attack on 2
Checking Death on 2
Checking None on 2
Checking Build on 2
Checking Place on 2
Done checking type 2
Checking Walk on 3
Checking Construct on 3
Checking Gold on 3
Checking Lumber on 3
Checking Attack on 3
Checking Death on 3
Checking None on 3
Checking Build on 3
Checking Place on 3
Done checking type 3
Checking Walk on 4
Checking Construct on 4
Checking Gold on 4
Checking Lumber on 4
Checking Attack on 4
Checking Death on 4
Checking None on 4
Checking Build on 4
Checking Place on 4
Done checking type 4
Checking Walk on 5
Checking Construct on 5
Checking Gold on 5
Checking Lumber on 5
Checking Attack on 5
Checking Death on 5
Checking None on 5
Checking Build on 5
Checking Place on 5
Done checking type 5
Checking Walk on 6
Checking Construct on 6
Checking Gold on 6
Checking Lumber on 6
Checking Attack on 6
Checking Death on 6
Checking None on 6
Checking Build on 6
Checking Place on 6
Done checking type 6
Checking Walk on 7
Checking Construct on 7
Checking Gold on 7
Checking Lumber on 7
Checking Attack on 7
Checking Death on 7
Checking None on 7
Checking Build on 7
Checking Place on 7
Done checking type 7
Checking Walk on 8
Checking Construct on 8
Checking Gold on 8
Checking Lumber on 8
Checking Attack on 8
Checking Death on 8
Checking None on 8
Checking Build on 8
Checking Place on 8
Done checking type 8
Checking Walk on 9
Checking Construct on 9
Checking Gold on 9
Checking Lumber on 9
Checking Attack on 9
Checking Death on 9
Checking None on 9
Checking Build on 9
Checking Place on 9
Done checking type 9
Checking Walk on 10
Checking Construct on 10
Checking Gold on 10
Checking Lumber on 10
Checking Attack on 10
Checking Death on 10
Checking None on 10
Checking Build on 10
Checking Place on 10
Done checking type 10
Checking Walk on 11
Checking Construct on 11
Checking Gold on 11
Checking Lumber on 11
Checking Attack on 11
Checking Death on 11
Checking None on 11
Checking Build on 11
Checking Place on 11
Done checking type 11
Checking Walk on 12
Checking Construct on 12
Checking Gold on 12
Checking Lumber on 12
Checking Attack on 12
Checking Death on 12
Checking None on 12
Checking Build on 12
Checking Place on 12
Done checking type 12
Checking Walk on 13
Checking Construct on 13
Checking Gold on 13
Checking Lumber on 13
Checking Attack on 13
Checking Death on 13
Checking None on 13
Checking Build on 13
Checking Place on 13
Done checking type 13
Checking Walk on 14
Checking Construct on 14
Checking Gold on 14
Checking Lumber on 14
Checking Attack on 14
Checking Death on 14
Checking None on 14
Checking Build on 14
Checking Place on 14
Done checking type 14
Checking Walk on 15
Checking Construct on 15
Checking Gold on 15
Checking Lumber on 15
Checking Attack on 15
Checking Death on 15
Checking None on 15
Checking Build on 15
Checking Place on 15
Done checking type 15
Resizing 800 x 600
Checking Walk on 0
Checking Construct on 0
Checking Gold on 0
Checking Lumber on 0
Checking Attack on 0
Checking Death on 0
Checking None on 0
Checking Build on 0
Checking Place on 0
Done checking type 0
Checking Walk on 1
Checking Construct on 1
Checking Gold on 1
Checking Lumber on 1
Checking Attack on 1
Checking Death on 1
Checking None on 1
Checking Build on 1
Checking Place on 1
Done checking type 1
Checking Walk on 2
Checking Construct on 2
Checking Gold on 2
Checking Lumber on 2
Checking Attack on 2
Checking Death on 2
Checking None on 2
Checking Build on 2
Checking Place on 2
Done checking type 2
Checking Walk on 3
Checking Construct on 3
Checking Gold on 3
Checking Lumber on 3
Checking Attack on 3
Checking Death on 3
Checking None on 3
Checking Build on 3
Checking Place on 3
Done checking type 3
Checking Walk on 4
Checking Construct on 4
Checking Gold on 4
Checking Lumber on 4
Checking Attack on 4
Checking Death on 4
Checking None on 4
Checking Build on 4
Checking Place on 4
Done checking type 4
Checking Walk on 5
Checking Construct on 5
Checking Gold on 5
Checking Lumber on 5
Checking Attack on 5
Checking Death on 5
Checking None on 5
Checking Build on 5
Checking Place on 5
Done checking type 5
Checking Walk on 6
Checking Construct on 6
Checking Gold on 6
Checking Lumber on 6
Checking Attack on 6
Checking Death on 6
Checking None on 6
Checking Build on 6
Checking Place on 6
Done checking type 6
Checking Walk on 7
Checking Construct on 7
Checking Gold on 7
Checking Lumber on 7
Checking Attack on 7
Checking Death on 7
Checking None on 7
Checking Build on 7
Checking Place on 7
Done checking type 7
Checking Walk on 8
Checking Construct on 8
Checking Gold on 8
Checking Lumber on 8
Checking Attack on 8
Checking Death on 8
Checking None on 8
Checking Build on 8
Checking Place on 8
Done checking type 8
Checking Walk on 9
Checking Construct on 9
Checking Gold on 9
Checking Lumber on 9
Checking Attack on 9
Checking Death on 9
Checking None on 9
Checking Build on 9
Checking Place on 9
Done checking type 9
Checking Walk on 10
Checking Construct on 10
Checking Gold on 10
Checking Lumber on 10
Checking Attack on 10
Checking Death on 10
Checking None on 10
Checking Build on 10
Checking Place on 10
Done checking type 10
Checking Walk on 11
Checking Construct on 11
Checking Gold on 11
Checking Lumber on 11
Checking Attack on 11
Checking Death on 11
Checking None on 11
Checking Build on 11
Checking Place on 11
Done checking type 11
Checking Walk on 12
Checking Construct on 12
Checking Gold on 12
Checking Lumber on 12
Checking Attack on 12
Checking Death on 12
Checking None on 12
Checking Build on 12
Checking Place on 12
Done checking type 12
Checking Walk on 13
Checking Construct on 13
Checking Gold on 13
Checking Lumber on 13
Checking Attack on 13
Checking Death on 13
Checking None on 13
Checking Build on 13
Checking Place on 13
Done checking type 13
Checking Walk on 14
Checking Construct on 14
Checking Gold on 14
Checking Lumber on 14
Checking Attack on 14
Checking Death on 14
Checking None on 14
Checking Build on 14
Checking Place on 14
Done checking type 14
Checking Walk on 15
Checking Construct on 15
Checking Gold on 15
Checking Lumber on 15
Checking Attack on 15
Checking Death on 15
Checking None on 15
Checking Build on 15
Checking Place on 15
Done checking type 15
Init GoldMine 0 (1, 12)
Init GoldMine 0 (92, 49)
Init Peasant 1 (3, 4)
Init TownHall 1 (3, 5)
Init Peasant 2 (94, 59)
Init TownHall 2 (92, 54)
Checking Walk on 0
Checking Construct on 0
Checking Gold on 0
Checking Lumber on 0
Checking Attack on 0
Checking Death on 0
Checking None on 0
Checking Build on 0
Checking Place on 0
Done checking type 0
Checking Walk on 1
Checking Construct on 1
Checking Gold on 1
Checking Lumber on 1
Checking Attack on 1
Checking Death on 1
Checking None on 1
Checking Build on 1
Checking Place on 1
Done checking type 1
Checking Walk on 2
Checking Construct on 2
Checking Gold on 2
Checking Lumber on 2
Checking Attack on 2
Checking Death on 2
Checking None on 2
Checking Build on 2
Checking Place on 2
Done checking type 2
Checking Walk on 3
Checking Construct on 3
Checking Gold on 3
Checking Lumber on 3
Checking Attack on 3
Checking Death on 3
Checking None on 3
Checking Build on 3
Checking Place on 3
Done checking type 3
Checking Walk on 4
Checking Construct on 4
Checking Gold on 4
Checking Lumber on 4
Checking Attack on 4
Checking Death on 4
Checking None on 4
Checking Build on 4
Checking Place on 4
Done checking type 4
Checking Walk on 5
Checking Construct on 5
Checking Gold on 5
Checking Lumber on 5
Checking Attack on 5
Checking Death on 5
Checking None on 5
Checking Build on 5
Checking Place on 5
Done checking type 5
Checking Walk on 6
Checking Construct on 6
Checking Gold on 6
Checking Lumber on 6
Checking Attack on 6
Checking Death on 6
Checking None on 6
Checking Build on 6
Checking Place on 6
Done checking type 6
Checking Walk on 7
Checking Construct on 7
Checking Gold on 7
Checking Lumber on 7
Checking Attack on 7
Checking Death on 7
Checking None on 7
Checking Build on 7
Checking Place on 7
Done checking type 7
Checking Walk on 8
Checking Construct on 8
Checking Gold on 8
Checking Lumber on 8
Checking Attack on 8
Checking Death on 8
Checking None on 8
Checking Build on 8
Checking Place on 8
Done checking type 8
Checking Walk on 9
Checking Construct on 9
Checking Gold on 9
Checking Lumber on 9
Checking Attack on 9
Checking Death on 9
Checking None on 9
Checking Build on 9
Checking Place on 9
Done checking type 9
Checking Walk on 10
Checking Construct on 10
Checking Gold on 10
Checking Lumber on 10
Checking Attack on 10
Checking Death on 10
Checking None on 10
Checking Build on 10
Checking Place on 10
Done checking type 10
Checking Walk on 11
Checking Construct on 11
Checking Gold on 11
Checking Lumber on 11
Checking Attack on 11
Checking Death on 11
Checking None on 11
Checking Build on 11
Checking Place on 11
Done checking type 11
Checking Walk on 12
Checking Construct on 12
Checking Gold on 12
Checking Lumber on 12
Checking Attack on 12
Checking Death on 12
Checking None on 12
Checking Build on 12
Checking Place on 12
Done checking type 12
Checking Walk on 13
Checking Construct on 13
Checking Gold on 13
Checking Lumber on 13
Checking Attack on 13
Checking Death on 13
Checking None on 13
Checking Build on 13
Checking Place on 13
Done checking type 13
Checking Walk on 14
Checking Construct on 14
Checking Gold on 14
Checking Lumber on 14
Checking Attack on 14
Checking Death on 14
Checking None on 14
Checking Build on 14
Checking Place on 14
Done checking type 14
Checking Walk on 15
Checking Construct on 15
Checking Gold on 15
Checking Lumber on 15
Checking Attack on 15
Checking Death on 15
Checking None on 15
Checking Build on 15
Checking Place on 15
Done checking type 15
Resizing 800 x 600
Delete event occurred
